<?xml version="1.0" encoding="UTF-8"?>
<testng-results ignored="0" total="2" passed="2" failed="0" skipped="0">
  <reporter-output>
    <line>
      <![CDATA[Element is present]]>
    </line>
    <line>
      <![CDATA[Element is present]]>
    </line>
  </reporter-output>
  <suite started-at="2023-07-10T15:19:46 IST" name="Suite" finished-at="2023-07-10T15:22:29 IST" duration-ms="163691">
    <groups>
    </groups>
    <test started-at="2023-07-10T15:19:46 IST" name="Test" finished-at="2023-07-10T15:22:29 IST" duration-ms="163691">
      <class name="webtest.loginTest">
        <test-method signature="loginToYahoo()[pri:1, instance:webtest.loginTest@7b993c65]" started-at="2023-07-10T15:19:46 IST" name="loginToYahoo" finished-at="2023-07-10T15:20:52 IST" duration-ms="66039" status="PASS">
          <reporter-output>
          </reporter-output>
        </test-method> <!-- loginToYahoo -->
        <test-method signature="forgotPassword()[pri:2, instance:webtest.loginTest@7b993c65]" started-at="2023-07-10T15:20:52 IST" name="forgotPassword" finished-at="2023-07-10T15:22:29 IST" duration-ms="97593" status="PASS">
          <reporter-output>
            <line>
              <![CDATA[Element is present]]>
            </line>
            <line>
              <![CDATA[Element is present]]>
            </line>
          </reporter-output>
        </test-method> <!-- forgotPassword -->
      </class> <!-- webtest.loginTest -->
    </test> <!-- Test -->
  </suite> <!-- Suite -->
</testng-results>
